<?xml version="1.0" encoding="UTF-8"?>
<!-- Generated by org.testng.reporters.JUnitReportReporter -->
<testsuite hostname="AR" failures="0" tests="1" name="webdriverDemotest.logintest" time="4.398" errors="0" timestamp="10 Jul 2020 22:00:55 GMT" skipped="0">
  <testcase classname="webdriverDemotest.logintest" name="logintest" time="4.398"/>
</testsuite> <!-- webdriverDemotest.logintest -->
